ModMenuApp/build/intermediates/manifest_merge_blame_file/debug/processDebugMainManifest/manifest-merger-blame-debug-report.txt
1<?xml version="1.0" encoding="utf-8"?>
2<manifest xmlns:android="http://schemas.android.com/apk/res/android"
3    package="com.gogs.ultimatedumper"
4    android:versionCode="1"
5    android:versionName="3.0" >
6
7    <uses-sdk
8        android:minSdkVersion="21"
9        android:targetSdkVersion="34" />
10
11    <!-- Permissions required for Floating Window & Root Memory Access -->
12    <uses-permission android:name="android.permission.SYSTEM_ALERT_WINDOW" />
12-->ModMenuApp\AndroidManifest.xml:6:5-78
12-->ModMenuApp\AndroidManifest.xml:6:22-75
13    <uses-permission android:name="android.permission.ACTION_MANAGE_OVERLAY_PERMISSION" />
13-->ModMenuApp\AndroidManifest.xml:7:5-91
13-->ModMenuApp\AndroidManifest.xml:7:22-88
14    <uses-permission android:name="android.permission.FOREGROUND_SERVICE" />
14-->ModMenuApp\AndroidManifest.xml:8:5-77
14-->ModMenuApp\AndroidManifest.xml:8:22-74
15    <uses-permission android:name="android.permission.INTERNET" />
15-->ModMenuApp\AndroidManifest.xml:9:5-67
15-->ModMenuApp\AndroidManifest.xml:9:22-64
16    <uses-permission android:name="android.permission.WRITE_EXTERNAL_STORAGE" />
16-->ModMenuApp\AndroidManifest.xml:10:5-81
16-->ModMenuApp\AndroidManifest.xml:10:22-78
17    <uses-permission android:name="android.permission.READ_EXTERNAL_STORAGE" />
17-->ModMenuApp\AndroidManifest.xml:11:5-80
17-->ModMenuApp\AndroidManifest.xml:11:22-77
18
19    <application
19-->ModMenuApp\AndroidManifest.xml:13:5-34:19
20        android:allowBackup="true"
20-->ModMenuApp\AndroidManifest.xml:14:9-35
21        android:debuggable="true"
22        android:extractNativeLibs="true"
23        android:icon="@android:drawable/sym_def_app_icon"
23-->ModMenuApp\AndroidManifest.xml:15:9-58
24        android:label="ARK Ultimate Mod Menu"
24-->ModMenuApp\AndroidManifest.xml:16:9-46
25        android:theme="@android:style/Theme.DeviceDefault.NoActionBar" >
25-->ModMenuApp\AndroidManifest.xml:17:9-71
26
27        <!-- Main Launcher Activity -->
28        <activity
28-->ModMenuApp\AndroidManifest.xml:20:9-27:20
29            android:name="com.gogs.ultimatedumper.MainActivity"
29-->ModMenuApp\AndroidManifest.xml:21:13-41
30            android:exported="true" >
30-->ModMenuApp\AndroidManifest.xml:22:13-36
31            <intent-filter>
31-->ModMenuApp\AndroidManifest.xml:23:13-26:29
32                <action android:name="android.intent.action.MAIN" />
32-->ModMenuApp\AndroidManifest.xml:24:17-69
32-->ModMenuApp\AndroidManifest.xml:24:25-66
33
34                <category android:name="android.intent.category.LAUNCHER" />
34-->ModMenuApp\AndroidManifest.xml:25:17-77
34-->ModMenuApp\AndroidManifest.xml:25:27-74
35            </intent-filter>
36        </activity>
37
38        <!-- Floating Overlay Mod Menu Background Service -->
39        <service
39-->ModMenuApp\AndroidManifest.xml:30:9-33:40
40            android:name="com.gogs.ultimatedumper.FloatingModMenuService"
40-->ModMenuApp\AndroidManifest.xml:31:13-51
41            android:enabled="true"
41-->ModMenuApp\AndroidManifest.xml:32:13-35
42            android:exported="false" />
42-->ModMenuApp\AndroidManifest.xml:33:13-37
43    </application>
44
45</manifest>